<?xml version="1.0" encoding="UTF-8"?>
<coverage generated="1776553037">
  <project timestamp="1776553037">
    <file name="/Users/rzerostern/Documents/Repositorios/DEV1/Notify/notify-laravel/src/Channels/NotifyChannel.php">
      <class name="Dev1\NotifyLaravel\Channels\NotifyChannel" namespace="global">
        <metrics complexity="7" methods="2" coveredmethods="2" conditionals="0" coveredconditionals="0" statements="10" coveredstatements="10" elements="12" coveredelements="12"/>
      </class>
      <line num="13" type="method" name="__construct" visibility="public" complexity="1" crap="1" count="5"/>
      <line num="15" type="stmt" count="5"/>
      <line num="18" type="method" name="send" visibility="public" complexity="6" crap="6" count="4"/>
      <line num="20" type="stmt" count="4"/>
      <line num="21" type="stmt" count="1"/>
      <line num="24" type="stmt" count="3"/>
      <line num="26" type="stmt" count="3"/>
      <line num="27" type="stmt" count="3"/>
      <line num="28" type="stmt" count="3"/>
      <line num="30" type="stmt" count="3"/>
      <line num="32" type="stmt" count="2"/>
      <line num="33" type="stmt" count="2"/>
      <metrics loc="36" ncloc="36" classes="1" methods="2" coveredmethods="2" conditionals="0" coveredconditionals="0" statements="10" coveredstatements="10" elements="12" coveredelements="12"/>
    </file>
    <file name="/Users/rzerostern/Documents/Repositorios/DEV1/Notify/notify-laravel/src/Contracts/Notifier.php">
      <metrics loc="11" ncloc="11" classes="0" methods="0" coveredmethods="0" conditionals="0" coveredconditionals="0" statements="0" coveredstatements="0" elements="0" coveredelements="0"/>
    </file>
    <file name="/Users/rzerostern/Documents/Repositorios/DEV1/Notify/notify-laravel/src/Events/NotifySent.php">
      <class name="Dev1\NotifyLaravel\Events\NotifySent" namespace="global">
        <metrics complexity="1" methods="1" coveredmethods="1" conditionals="0" coveredconditionals="0" statements="6" coveredstatements="6" elements="7" coveredelements="7"/>
      </class>
      <line num="31" type="method" name="__construct" visibility="public" complexity="1" crap="1" count="2"/>
      <line num="33" type="stmt" count="2"/>
      <line num="34" type="stmt" count="2"/>
      <line num="35" type="stmt" count="2"/>
      <line num="36" type="stmt" count="2"/>
      <line num="37" type="stmt" count="2"/>
      <line num="38" type="stmt" count="2"/>
      <metrics loc="41" ncloc="35" classes="1" methods="1" coveredmethods="1" conditionals="0" coveredconditionals="0" statements="6" coveredstatements="6" elements="7" coveredelements="7"/>
    </file>
    <file name="/Users/rzerostern/Documents/Repositorios/DEV1/Notify/notify-laravel/src/Facades/Notify.php">
      <class name="Dev1\NotifyLaravel\Facades\Notify" namespace="global">
        <metrics complexity="1" methods="1" coveredmethods="1" conditionals="0" coveredconditionals="0" statements="1" coveredstatements="1" elements="2" coveredelements="2"/>
      </class>
      <line num="13" type="method" name="getFacadeAccessor" visibility="protected" complexity="1" crap="1" count="2"/>
      <line num="15" type="stmt" count="2"/>
      <metrics loc="18" ncloc="15" classes="1" methods="1" coveredmethods="1" conditionals="0" coveredconditionals="0" statements="1" coveredstatements="1" elements="2" coveredelements="2"/>
    </file>
    <file name="/Users/rzerostern/Documents/Repositorios/DEV1/Notify/notify-laravel/src/NotifyServiceProvider.php">
      <class name="Dev1\NotifyLaravel\NotifyServiceProvider" namespace="global">
        <metrics complexity="32" methods="3" coveredmethods="1" conditionals="0" coveredconditionals="0" statements="115" coveredstatements="112" elements="118" coveredelements="113"/>
      </class>
      <line num="21" type="method" name="register" visibility="public" complexity="25" crap="25" count="21"/>
      <line num="23" type="stmt" count="21"/>
      <line num="25" type="stmt" count="21"/>
      <line num="26" type="stmt" count="16"/>
      <line num="27" type="stmt" count="16"/>
      <line num="28" type="stmt" count="21"/>
      <line num="30" type="stmt" count="21"/>
      <line num="31" type="stmt" count="15"/>
      <line num="32" type="stmt" count="15"/>
      <line num="34" type="stmt" count="15"/>
      <line num="36" type="stmt" count="15"/>
      <line num="37" type="stmt" count="12"/>
      <line num="39" type="stmt" count="12"/>
      <line num="40" type="stmt" count="7"/>
      <line num="41" type="stmt" count="1"/>
      <line num="44" type="stmt" count="6"/>
      <line num="45" type="stmt" count="1"/>
      <line num="48" type="stmt" count="5"/>
      <line num="50" type="stmt" count="4"/>
      <line num="51" type="stmt" count="1"/>
      <line num="54" type="stmt" count="3"/>
      <line num="55" type="stmt" count="3"/>
      <line num="57" type="stmt" count="3"/>
      <line num="58" type="stmt" count="3"/>
      <line num="59" type="stmt" count="3"/>
      <line num="60" type="stmt" count="3"/>
      <line num="62" type="stmt" count="3"/>
      <line num="64" type="stmt" count="3"/>
      <line num="65" type="stmt" count="0"/>
      <line num="68" type="stmt" count="3"/>
      <line num="69" type="stmt" count="3"/>
      <line num="70" type="stmt" count="3"/>
      <line num="71" type="stmt" count="3"/>
      <line num="72" type="stmt" count="3"/>
      <line num="74" type="stmt" count="3"/>
      <line num="75" type="stmt" count="3"/>
      <line num="76" type="stmt" count="2"/>
      <line num="80" type="stmt" count="3"/>
      <line num="81" type="stmt" count="3"/>
      <line num="82" type="stmt" count="1"/>
      <line num="85" type="stmt" count="3"/>
      <line num="86" type="stmt" count="3"/>
      <line num="87" type="stmt" count="3"/>
      <line num="88" type="stmt" count="3"/>
      <line num="89" type="stmt" count="3"/>
      <line num="90" type="stmt" count="3"/>
      <line num="91" type="stmt" count="3"/>
      <line num="92" type="stmt" count="3"/>
      <line num="94" type="stmt" count="3"/>
      <line num="95" type="stmt" count="3"/>
      <line num="96" type="stmt" count="0"/>
      <line num="99" type="stmt" count="3"/>
      <line num="100" type="stmt" count="3"/>
      <line num="101" type="stmt" count="3"/>
      <line num="102" type="stmt" count="1"/>
      <line num="106" type="stmt" count="3"/>
      <line num="107" type="stmt" count="3"/>
      <line num="108" type="stmt" count="3"/>
      <line num="109" type="stmt" count="3"/>
      <line num="110" type="stmt" count="3"/>
      <line num="111" type="stmt" count="3"/>
      <line num="112" type="stmt" count="3"/>
      <line num="113" type="stmt" count="3"/>
      <line num="115" type="stmt" count="3"/>
      <line num="116" type="stmt" count="3"/>
      <line num="124" type="stmt" count="11"/>
      <line num="125" type="stmt" count="21"/>
      <line num="127" type="stmt" count="21"/>
      <line num="128" type="stmt" count="6"/>
      <line num="129" type="stmt" count="6"/>
      <line num="130" type="stmt" count="6"/>
      <line num="132" type="stmt" count="6"/>
      <line num="139" type="stmt" count="6"/>
      <line num="140" type="stmt" count="6"/>
      <line num="141" type="stmt" count="6"/>
      <line num="146" type="stmt" count="5"/>
      <line num="148" type="stmt" count="5"/>
      <line num="149" type="stmt" count="5"/>
      <line num="151" type="stmt" count="5"/>
      <line num="152" type="stmt" count="5"/>
      <line num="153" type="stmt" count="5"/>
      <line num="155" type="stmt" count="5"/>
      <line num="156" type="stmt" count="5"/>
      <line num="157" type="stmt" count="5"/>
      <line num="158" type="stmt" count="5"/>
      <line num="159" type="stmt" count="5"/>
      <line num="160" type="stmt" count="5"/>
      <line num="161" type="stmt" count="5"/>
      <line num="162" type="stmt" count="5"/>
      <line num="163" type="stmt" count="5"/>
      <line num="165" type="stmt" count="5"/>
      <line num="170" type="stmt" count="5"/>
      <line num="171" type="stmt" count="5"/>
      <line num="172" type="stmt" count="5"/>
      <line num="174" type="stmt" count="5"/>
      <line num="179" type="stmt" count="5"/>
      <line num="180" type="stmt" count="4"/>
      <line num="185" type="stmt" count="5"/>
      <line num="186" type="stmt" count="4"/>
      <line num="188" type="stmt" count="6"/>
      <line num="189" type="stmt" count="21"/>
      <line num="192" type="method" name="boot" visibility="public" complexity="1" crap="1" count="21"/>
      <line num="194" type="stmt" count="21"/>
      <line num="195" type="stmt" count="21"/>
      <line num="196" type="stmt" count="21"/>
      <line num="198" type="stmt" count="21"/>
      <line num="199" type="stmt" count="21"/>
      <line num="200" type="stmt" count="5"/>
      <line num="201" type="stmt" count="21"/>
      <line num="210" type="method" name="loadServiceAccount" visibility="private" complexity="6" crap="6.07" count="5"/>
      <line num="212" type="stmt" count="5"/>
      <line num="214" type="stmt" count="5"/>
      <line num="215" type="stmt" count="0"/>
      <line num="218" type="stmt" count="5"/>
      <line num="220" type="stmt" count="5"/>
      <line num="221" type="stmt" count="1"/>
      <line num="222" type="stmt" count="1"/>
      <line num="225" type="stmt" count="4"/>
      <metrics loc="228" ncloc="219" classes="1" methods="3" coveredmethods="1" conditionals="0" coveredconditionals="0" statements="115" coveredstatements="112" elements="118" coveredelements="113"/>
    </file>
    <file name="/Users/rzerostern/Documents/Repositorios/DEV1/Notify/notify-laravel/src/Support/LaravelLogger.php">
      <class name="Dev1\NotifyLaravel\Support\LaravelLogger" namespace="global">
        <metrics complexity="12" methods="10" coveredmethods="10" conditionals="0" coveredconditionals="0" statements="25" coveredstatements="25" elements="35" coveredelements="35"/>
      </class>
      <line num="13" type="method" name="__construct" visibility="public" complexity="3" crap="3" count="19"/>
      <line num="15" type="stmt" count="19"/>
      <line num="16" type="stmt" count="17"/>
      <line num="17" type="stmt" count="2"/>
      <line num="18" type="stmt" count="1"/>
      <line num="20" type="stmt" count="1"/>
      <line num="25" type="stmt" count="1"/>
      <line num="30" type="stmt" count="1"/>
      <line num="34" type="stmt" count="1"/>
      <line num="38" type="stmt" count="1"/>
      <line num="42" type="stmt" count="1"/>
      <line num="46" type="stmt" count="1"/>
      <line num="50" type="stmt" count="1"/>
      <line num="54" type="stmt" count="1"/>
      <line num="58" type="stmt" count="1"/>
      <line num="62" type="stmt" count="1"/>
      <line num="64" type="stmt" count="1"/>
      <line num="68" type="method" name="emergency" visibility="public" complexity="1" crap="1" count="2"/>
      <line num="70" type="stmt" count="2"/>
      <line num="73" type="method" name="alert" visibility="public" complexity="1" crap="1" count="2"/>
      <line num="75" type="stmt" count="2"/>
      <line num="78" type="method" name="critical" visibility="public" complexity="1" crap="1" count="2"/>
      <line num="80" type="stmt" count="2"/>
      <line num="83" type="method" name="error" visibility="public" complexity="1" crap="1" count="2"/>
      <line num="85" type="stmt" count="2"/>
      <line num="88" type="method" name="warning" visibility="public" complexity="1" crap="1" count="2"/>
      <line num="90" type="stmt" count="2"/>
      <line num="93" type="method" name="notice" visibility="public" complexity="1" crap="1" count="2"/>
      <line num="95" type="stmt" count="2"/>
      <line num="98" type="method" name="info" visibility="public" complexity="1" crap="1" count="3"/>
      <line num="100" type="stmt" count="3"/>
      <line num="103" type="method" name="debug" visibility="public" complexity="1" crap="1" count="2"/>
      <line num="105" type="stmt" count="2"/>
      <line num="108" type="method" name="log" visibility="public" complexity="1" crap="1" count="2"/>
      <line num="110" type="stmt" count="2"/>
      <metrics loc="113" ncloc="112" classes="1" methods="10" coveredmethods="10" conditionals="0" coveredconditionals="0" statements="25" coveredstatements="25" elements="35" coveredelements="35"/>
    </file>
    <metrics files="6" loc="447" ncloc="428" classes="5" methods="17" coveredmethods="15" conditionals="0" coveredconditionals="0" statements="157" coveredstatements="154" elements="174" coveredelements="169"/>
  </project>
</coverage>
